<?xml version="1.0" encoding="UTF-8"?>
<!-- Generated by org.testng.reporters.JUnitReportReporter -->
<testsuite hostname="sowjanya" failures="0" tests="1" name="vtigerFinalScripts.CreateContactTest" time="24.448" errors="0" timestamp="2023-08-24T09:15:14 IST" skipped="0">
  <testcase classname="vtigerFinalScripts.CreateContactTest" name="createContactTest" time="24.448"/>
</testsuite> <!-- vtigerFinalScripts.CreateContactTest -->
