<?xml version="1.0" encoding="UTF-8"?>
<!-- Generated by org.testng.reporters.JUnitReportReporter -->
<testsuite hostname="sowjanya" failures="0" tests="1" name="vtigerFinalScripts.CreateOrganizationTest" time="26.226" errors="0" timestamp="2023-08-25T13:34:25 IST" skipped="0">
  <testcase classname="vtigerFinalScripts.CreateOrganizationTest" name="createOrgTest" time="26.226"/>
</testsuite> <!-- vtigerFinalScripts.CreateOrganizationTest -->
