<?xml version="1.0" encoding="UTF-8"?>
<!-- Generated by org.testng.reporters.JUnitReportReporter -->
<testsuite hostname="sowjanya" failures="0" tests="1" name="testng.XMLParameterization" time="12.656" errors="0" timestamp="2023-08-11T10:04:31 IST" skipped="0">
  <testcase classname="testng.XMLParameterization" name="vtigerLoginTest" time="12.656"/>
</testsuite> <!-- testng.XMLParameterization -->
