<?xml version="1.0" encoding="UTF-8"?>
<!-- Generated by org.testng.reporters.JUnitReportReporter -->
<testsuite hostname="sowjanya" failures="0" tests="1" name="vtigerFinalScripts.CreateAndDuplicateLeadTest" time="31.118" errors="0" timestamp="2023-08-24T10:08:18 IST" skipped="0">
  <testcase classname="vtigerFinalScripts.CreateAndDuplicateLeadTest" name="createAndDuplicateLeadTest" time="31.118"/>
</testsuite> <!-- vtigerFinalScripts.CreateAndDuplicateLeadTest -->
