<?xml version="1.0" encoding="UTF-8"?>
<!-- Generated by org.testng.reporters.JUnitReportReporter -->
<testsuite hostname="sowjanya" failures="0" tests="1" name="vtigerFinalScripts.CreateContactWithOrgTest" time="35.551" errors="0" timestamp="2023-08-24T09:25:48 IST" skipped="0">
  <testcase classname="vtigerFinalScripts.CreateContactWithOrgTest" name="createContactWithOrgTest" time="35.551"/>
</testsuite> <!-- vtigerFinalScripts.CreateContactWithOrgTest -->
