<?xml version="1.0" encoding="UTF-8"?>
<!-- Generated by org.testng.reporters.JUnitReportReporter -->
<testsuite hostname="sowjanya" failures="0" tests="1" name="vtigerFinalScripts.CreateLeadTest" time="23.836" errors="0" timestamp="2023-08-24T09:39:56 IST" skipped="0">
  <testcase classname="vtigerFinalScripts.CreateLeadTest" name="createLeadTest" time="23.836"/>
</testsuite> <!-- vtigerFinalScripts.CreateLeadTest -->
