<?xml version="1.0" encoding="UTF-8"?>
<!-- Generated by org.testng.reporters.JUnitReportReporter -->
<testsuite hostname="sowjanya" failures="0" tests="4" name="testing.PrioritizingTests" time="0.030" errors="0" timestamp="2023-08-07T09:26:20 IST" skipped="0">
  <testcase classname="testing.PrioritizingTests" name="test4" time="0.019">
    <system-out>
      <![CDATA[test4]]>
    </system-out>
  </testcase> <!-- test4 -->
  <testcase classname="testing.PrioritizingTests" name="test3" time="0.003">
    <system-out>
      <![CDATA[test3]]>
    </system-out>
  </testcase> <!-- test3 -->
  <testcase classname="testing.PrioritizingTests" name="test2" time="0.004">
    <system-out>
      <![CDATA[test2]]>
    </system-out>
  </testcase> <!-- test2 -->
  <testcase classname="testing.PrioritizingTests" name="test1" time="0.004">
    <system-out>
      <![CDATA[test1]]>
    </system-out>
  </testcase> <!-- test1 -->
  <system-out>
    <![CDATA[test4
test3
test1
test2]]>
  </system-out>
</testsuite> <!-- testing.PrioritizingTests -->
