<?xml version="1.0" encoding="UTF-8"?>
<!-- Generated by org.testng.reporters.JUnitReportReporter -->
<testsuite hostname="sowjanya" failures="0" tests="1" name="testing.SampleTest" time="0.014" errors="0" timestamp="2023-08-07T19:33:40 IST" skipped="0">
  <testcase classname="testing.SampleTest" name="demo" time="0.014">
    <system-out>
      <![CDATA[Hello world!]]>
    </system-out>
  </testcase> <!-- demo -->
  <system-out>
    <![CDATA[Hello world!]]>
  </system-out>
</testsuite> <!-- testing.SampleTest -->
