<?xml version="1.0" encoding="UTF-8"?>
<!-- Generated by org.testng.reporters.JUnitReportReporter -->
<testsuite hostname="sowjanya" failures="0" tests="1" name="vtigerFinalScripts.DeleteLeadTest" time="18.698" errors="0" timestamp="2023-08-25T13:20:52 IST" skipped="0">
  <testcase classname="vtigerFinalScripts.DeleteLeadTest" name="deleteLeadTest" time="18.698"/>
</testsuite> <!-- vtigerFinalScripts.DeleteLeadTest -->
